\BOOKMARK [0][-]{chapter.1}{Introduccion}{}% 1
\BOOKMARK [1][-]{section.1.1}{Breve prefacio del autor}{chapter.1}% 2
\BOOKMARK [1][-]{section.1.2}{Marco de LaTeX}{chapter.1}% 3
\BOOKMARK [0][-]{chapter.2}{Antes de leer estas paginas}{}% 4
\BOOKMARK [1][-]{section.2.1}{Aviso}{chapter.2}% 5
\BOOKMARK [1][-]{section.2.2}{Motivacion para la lectura}{chapter.2}% 6
\BOOKMARK [2][-]{subsection.2.2.1}{Historias que invitan a la reflexion}{section.2.2}% 7
\BOOKMARK [2][-]{subsection.2.2.2}{Por que independencia?}{section.2.2}% 8
\BOOKMARK [2][-]{subsection.2.2.3}{Cual es el minimo grado de independencia?}{section.2.2}% 9
\BOOKMARK [2][-]{subsection.2.2.4}{Por que la independencia no es suficiente?}{section.2.2}% 10
\BOOKMARK [2][-]{subsection.2.2.5}{Mis influencias}{section.2.2}% 11
\BOOKMARK [0][-]{chapter.3}{Como saber quien eres}{}% 12
\BOOKMARK [1][-]{section.3.1}{dos herramientas}{chapter.3}% 13
\BOOKMARK [0][-]{chapter.4}{El Habito}{}% 14
\BOOKMARK [1][-]{section.4.1}{ Que es el habito }{chapter.4}% 15
\BOOKMARK [1][-]{section.4.2}{ Que tiene que ver con la \(in\)dependencia?}{chapter.4}% 16
\BOOKMARK [1][-]{section.4.3}{ Crear/cambiar habitos}{chapter.4}% 17
\BOOKMARK [0][-]{chapter.5}{La independencia}{}% 18
\BOOKMARK [1][-]{section.5.1}{Como alcanzar la independencia}{chapter.5}% 19
\BOOKMARK [1][-]{section.5.2}{Independencia en la toma de decisiones}{chapter.5}% 20
\BOOKMARK [1][-]{section.5.3}{Independencia social}{chapter.5}% 21
\BOOKMARK [1][-]{section.5.4}{Independencia financiera}{chapter.5}% 22
\BOOKMARK [2][-]{subsection.5.4.1}{Disclaimer}{section.5.4}% 23
\BOOKMARK [2][-]{subsection.5.4.2}{Ahorra}{section.5.4}% 24
\BOOKMARK [2][-]{subsection.5.4.3}{Invierte}{section.5.4}% 25
\BOOKMARK [1][-]{section.5.5}{Independencia en la informatica}{chapter.5}% 26
\BOOKMARK [2][-]{subsection.5.5.1}{ Hardware }{section.5.5}% 27
\BOOKMARK [2][-]{subsection.5.5.2}{ Software }{section.5.5}% 28
\BOOKMARK [0][-]{chapter.6}{Algunas notas finales}{}% 29
\BOOKMARK [0][-]{chapter*.2}{\315ndice de figuras}{}% 30
\BOOKMARK [0][-]{chapter*.3}{Bibliograf\355a}{}% 31
